0 info it worked if it ends with ok
1 verbose cli [ '/usr/local/bin/node', '/usr/local/bin/npm', 'start' ]
2 info using npm@2.14.7
3 info using node@v4.2.1
4 verbose run-script [ 'prestart', 'start', 'poststart' ]
5 info prestart yet-another-angularjs-seed@0.0.0
6 verbose unsafe-perm in lifecycle true
7 info start yet-another-angularjs-seed@0.0.0
8 verbose unsafe-perm in lifecycle true
9 info yet-another-angularjs-seed@0.0.0 Failed to exec start script
10 verbose stack Error: yet-another-angularjs-seed@0.0.0 start: `grunt watch`
10 verbose stack Exit status 3
10 verbose stack     at EventEmitter.<anonymous> (/usr/local/lib/node_modules/npm/lib/utils/lifecycle.js:214:16)
10 verbose stack     at emitTwo (events.js:87:13)
10 verbose stack     at EventEmitter.emit (events.js:172:7)
10 verbose stack     at ChildProcess.<anonymous> (/usr/local/lib/node_modules/npm/lib/utils/spawn.js:24:14)
10 verbose stack     at emitTwo (events.js:87:13)
10 verbose stack     at ChildProcess.emit (events.js:172:7)
10 verbose stack     at maybeClose (internal/child_process.js:818:16)
10 verbose stack     at Process.ChildProcess._handle.onexit (internal/child_process.js:211:5)
11 verbose pkgid yet-another-angularjs-seed@0.0.0
12 verbose cwd /Users/matthewgreen/Workspace/yet-another-angularjs-seed
13 error Darwin 10.8.0
14 error argv "/usr/local/bin/node" "/usr/local/bin/npm" "start"
15 error node v4.2.1
16 error npm  v2.14.7
17 error code ELIFECYCLE
18 error yet-another-angularjs-seed@0.0.0 start: `grunt watch`
18 error Exit status 3
19 error Failed at the yet-another-angularjs-seed@0.0.0 start script 'grunt watch'.
19 error This is most likely a problem with the yet-another-angularjs-seed package,
19 error not with npm itself.
19 error Tell the author that this fails on your system:
19 error     grunt watch
19 error You can get their info via:
19 error     npm owner ls yet-another-angularjs-seed
19 error There is likely additional logging output above.
20 verbose exit [ 1, true ]
